Monday 17th of April 2023 12:40:30 PM
output

Monday 17th of April 2023 12:40:30 PM
Resize output to 1920

Monday 17th of April 2023 12:40:30 PM
Convert output to AVIF

Monday 17th of April 2023 12:42:28 PM
testtest

Monday 17th of April 2023 12:42:28 PM
Failed to create directories ...

Monday 17th of April 2023 12:42:29 PM
Resize testtest to 1539

Monday 17th of April 2023 12:42:29 PM
Convert testtest to WEBP

Monday 17th of April 2023 12:42:45 PM
testtest

Monday 17th of April 2023 12:42:45 PM
Failed to create directories ...

Monday 17th of April 2023 12:42:46 PM
Resize testtest to 1539

Monday 17th of April 2023 12:42:46 PM
Convert testtest to WEBP

Monday 17th of April 2023 12:43:41 PM
test

Monday 17th of April 2023 12:43:41 PM
Failed to create directories ...

Monday 17th of April 2023 12:43:42 PM
Resize test to 1539

Monday 17th of April 2023 12:43:42 PM
Convert test to WEBP

Monday 17th of April 2023 12:43:57 PM
test

Monday 17th of April 2023 12:43:57 PM
Failed to create directories ...

Monday 17th of April 2023 12:43:58 PM
Resize test to 1539

Monday 17th of April 2023 12:43:58 PM
Convert test to WEBP

Monday 17th of April 2023 12:44:54 PM
testttest

Monday 17th of April 2023 12:44:54 PM
Failed to create directories ...

Monday 17th of April 2023 12:44:54 PM
Resize testttest to 640

Monday 17th of April 2023 12:44:54 PM
Convert testttest to GIF

Monday 17th of April 2023 12:48:17 PM
blabla

Monday 17th of April 2023 12:48:17 PM
Failed to create directories ...

Monday 17th of April 2023 12:48:18 PM
Resize blabla to 1920

Monday 17th of April 2023 12:48:18 PM
Convert blabla to avif

Monday 17th of April 2023 12:48:47 PM
output

Monday 17th of April 2023 12:48:47 PM
Failed to create directories ...

Monday 17th of April 2023 12:48:47 PM
Resize output to 640

Monday 17th of April 2023 12:48:47 PM
Convert output to svg

Monday 17th of April 2023 12:49:20 PM
manouvelleimage

Monday 17th of April 2023 12:49:20 PM
Failed to create directories ...

Monday 17th of April 2023 12:49:21 PM
Resize manouvelleimage to 1280

Monday 17th of April 2023 12:49:21 PM
Convert manouvelleimage to jpg

Monday 17th of April 2023 12:49:23 PM
manouvelleimage

Monday 17th of April 2023 12:49:23 PM
Failed to create directories ...

Monday 17th of April 2023 12:49:23 PM
Resize manouvelleimage to 1280

Monday 17th of April 2023 12:49:23 PM
Convert manouvelleimage to jpg

Monday 17th of April 2023 12:49:26 PM
manouvelleimage

Monday 17th of April 2023 12:49:26 PM
Failed to create directories ...

Monday 17th of April 2023 12:49:26 PM
Resize manouvelleimage to 1280

Monday 17th of April 2023 12:49:26 PM
Convert manouvelleimage to jpg

Monday 17th of April 2023 12:49:27 PM
manouvelleimage

Monday 17th of April 2023 12:49:27 PM
Failed to create directories ...

Monday 17th of April 2023 12:49:27 PM
Resize manouvelleimage to 1280

Monday 17th of April 2023 12:49:27 PM
Convert manouvelleimage to jpg

Monday 17th of April 2023 12:49:28 PM
manouvelleimage

Monday 17th of April 2023 12:49:28 PM
Failed to create directories ...

Monday 17th of April 2023 12:49:28 PM
Resize manouvelleimage to 1280

Monday 17th of April 2023 12:49:28 PM
Convert manouvelleimage to jpg

Monday 17th of April 2023 12:49:28 PM
manouvelleimage

Monday 17th of April 2023 12:49:28 PM
Failed to create directories ...

Monday 17th of April 2023 12:49:28 PM
Resize manouvelleimage to 1280

Monday 17th of April 2023 12:49:28 PM
Convert manouvelleimage to jpg

Monday 17th of April 2023 12:49:28 PM
manouvelleimage

Monday 17th of April 2023 12:49:28 PM
Failed to create directories ...

Monday 17th of April 2023 12:49:28 PM
Resize manouvelleimage to 1280

Monday 17th of April 2023 12:49:28 PM
Convert manouvelleimage to jpg

Monday 17th of April 2023 12:49:28 PM
manouvelleimage

Monday 17th of April 2023 12:49:28 PM
Failed to create directories ...

Monday 17th of April 2023 12:49:28 PM
Resize manouvelleimage to 1280

Monday 17th of April 2023 12:49:28 PM
Convert manouvelleimage to jpg

Monday 17th of April 2023 12:49:28 PM
manouvelleimage

Monday 17th of April 2023 12:49:28 PM
Failed to create directories ...

Monday 17th of April 2023 12:49:29 PM
Resize manouvelleimage to 1280

Monday 17th of April 2023 12:49:29 PM
Convert manouvelleimage to jpg

